<?xml version="1.0" encoding="UTF-8"?>
<!-- Generated by org.testng.reporters.JUnitReportReporter -->
<testsuite hostname="LAPTOP-65CEBPK8" failures="0" tests="1" name="com.heroapp.testcases.RegisterPageTest" time="19.285" errors="0" timestamp="2022-04-30T18:16:17 IST" skipped="0">
  <testcase classname="com.heroapp.testcases.RegisterPageTest" name="registerUserTest" time="19.285"/>
  <system-out/>
</testsuite> <!-- com.heroapp.testcases.RegisterPageTest -->
